2020-01-14 21:58:53 INFO  EmployeesRestAPI:14 - ********Started getAllEmployees*******
2020-01-14 22:00:09 INFO  EmployeesRestAPI:14 - ********Started getAllEmployees*******
2020-01-14 22:00:16 INFO  EmployeesRestAPI:23 - ******Checking Response Body********
2020-01-14 22:00:16 INFO  EmployeesRestAPI:25 - Response Body:::::[{"empId":1,"empFirstName":"Mike","empLastName":"Hutchinson","salary":3648.52},{"empId":2,"empFirstName":"Robert","empLastName":"Williams","salary":5342.28},{"empId":3,"empFirstName":"Mark","empLastName":"Desrochers","salary":4358.25},{"empId":4,"empFirstName":"Gerald","empLastName":"Peterson","salary":5463.29},{"empId":5,"empFirstName":"Mason","empLastName":"Timberland","salary":5463.76},{"empId":6,"empFirstName":"Camilla","empLastName":"Cabello","salary":15867.3},{"empId":7,"empFirstName":"Jim","empLastName":"Johns","salary":5463.23},{"empId":8,"empFirstName":"Sam","empLastName":"Billings","salary":4892.32},{"empId":9,"empFirstName":"Peter","empLastName":"Wills","salary":5487.21},{"empId":10,"empFirstName":"Rachel","empLastName":"Fowler","salary":4532.89},{"empId":11,"empFirstName":"Rojer","empLastName":"Armstrong","salary":54635.2},{"empId":12,"empFirstName":"Jim","empLastName":"Johnson","salary":4356.32},{"empId":13,"empFirstName":"Nick","empLastName":"Botham","salary":8743.98},{"empId":16,"empFirstName":"Lake","empLastName":"Wills","salary":8964.35},{"empId":17,"empFirstName":"Tim","empLastName":"Sands","salary":10986.5},{"empId":18,"empFirstName":"Duke","empLastName":"Royce","salary":8650.98}]
2020-01-14 22:03:50 INFO  EmployeesRestAPI:14 - ********Started getAllEmployees*******
2020-01-14 22:03:57 INFO  EmployeesRestAPI:23 - ******Checking Response Body********
2020-01-14 22:03:57 INFO  EmployeesRestAPI:25 - Response Body:::::[{"empId":1,"empFirstName":"Mike","empLastName":"Hutchinson","salary":3648.52},{"empId":2,"empFirstName":"Robert","empLastName":"Williams","salary":5342.28},{"empId":3,"empFirstName":"Mark","empLastName":"Desrochers","salary":4358.25},{"empId":4,"empFirstName":"Gerald","empLastName":"Peterson","salary":5463.29},{"empId":5,"empFirstName":"Mason","empLastName":"Timberland","salary":5463.76},{"empId":6,"empFirstName":"Camilla","empLastName":"Cabello","salary":15867.3},{"empId":7,"empFirstName":"Jim","empLastName":"Johns","salary":5463.23},{"empId":8,"empFirstName":"Sam","empLastName":"Billings","salary":4892.32},{"empId":9,"empFirstName":"Peter","empLastName":"Wills","salary":5487.21},{"empId":10,"empFirstName":"Rachel","empLastName":"Fowler","salary":4532.89},{"empId":11,"empFirstName":"Rojer","empLastName":"Armstrong","salary":54635.2},{"empId":12,"empFirstName":"Jim","empLastName":"Johnson","salary":4356.32},{"empId":13,"empFirstName":"Nick","empLastName":"Botham","salary":8743.98},{"empId":16,"empFirstName":"Lake","empLastName":"Wills","salary":8964.35},{"empId":17,"empFirstName":"Tim","empLastName":"Sands","salary":10986.5},{"empId":18,"empFirstName":"Duke","empLastName":"Royce","salary":8650.98}]
2020-01-14 22:03:57 INFO  EmployeesRestAPI:31 - ******Checking Status Code********
2020-01-14 22:03:57 INFO  EmployeesRestAPI:33 - Response Status Code:::::200
2020-01-15 19:11:38 INFO  EmployeesRestAPI:14 - ********Started getAllEmployees*******
2020-01-15 19:11:46 INFO  EmployeesRestAPI:23 - ******Checking Response Body********
2020-01-15 19:11:46 INFO  EmployeesRestAPI:25 - Response Body:::::[{"empId":1,"empFirstName":"Mike","empLastName":"Hutchinson","salary":3648.52},{"empId":2,"empFirstName":"Robert","empLastName":"Williams","salary":5342.28},{"empId":3,"empFirstName":"Mark","empLastName":"Desrochers","salary":4358.25},{"empId":4,"empFirstName":"Gerald","empLastName":"Peterson","salary":5463.29},{"empId":5,"empFirstName":"Mason","empLastName":"Timberland","salary":5463.76},{"empId":6,"empFirstName":"Camilla","empLastName":"Cabello","salary":15867.3},{"empId":7,"empFirstName":"Jim","empLastName":"Johns","salary":5463.23},{"empId":8,"empFirstName":"Sam","empLastName":"Billings","salary":4892.32},{"empId":9,"empFirstName":"Peter","empLastName":"Wills","salary":5487.21},{"empId":10,"empFirstName":"Rachel","empLastName":"Fowler","salary":4532.89},{"empId":11,"empFirstName":"Rojer","empLastName":"Armstrong","salary":54635.2},{"empId":12,"empFirstName":"Jim","empLastName":"Johnson","salary":4356.32},{"empId":13,"empFirstName":"Nick","empLastName":"Botham","salary":8743.98},{"empId":16,"empFirstName":"Lake","empLastName":"Wills","salary":8964.35},{"empId":17,"empFirstName":"Tim","empLastName":"Sands","salary":10986.5},{"empId":18,"empFirstName":"Duke","empLastName":"Royce","salary":8650.98},{"empId":19,"empFirstName":"David","empLastName":"Fullerton","salary":8582.09},{"empId":20,"empFirstName":"Lake","empLastName":"Wills","salary":8964.35},{"empId":21,"empFirstName":"Tim","empLastName":"Sands","salary":10986.5},{"empId":22,"empFirstName":"Duke","empLastName":"Royce","salary":8650.98}]
2020-01-15 19:11:46 INFO  EmployeesRestAPI:31 - ******Checking Status Code********
2020-01-15 19:11:46 INFO  EmployeesRestAPI:33 - Response Status Code:::::200
2020-01-15 19:53:15 INFO  Employees Rest API:20 - *****createEmployee**********
2020-01-15 19:53:21 INFO  Employees Rest API:36 - ******Checking Response Body********
2020-01-15 19:53:21 INFO  Employees Rest API:38 - Response Body:::::
2020-01-15 19:53:21 INFO  Employees Rest API:46 - ******Checking Status Code********
2020-01-15 19:53:21 INFO  Employees Rest API:48 - Response Status Code:::::200
2020-01-15 19:55:52 INFO  Employees Rest API:20 - *****createEmployee**********
2020-01-15 19:56:04 INFO  Employees Rest API:36 - ******Checking Response Body********
2020-01-15 19:56:04 INFO  Employees Rest API:38 - Response Body:::::
2020-01-15 19:56:04 INFO  Employees Rest API:46 - ******Checking Status Code********
2020-01-15 19:56:04 INFO  Employees Rest API:48 - Response Status Code:::::200
2020-01-15 19:59:48 INFO  Employees Rest API:20 - *****createEmployee**********
2020-01-15 20:00:00 INFO  Employees Rest API:36 - ******Checking Response Body********
2020-01-15 20:00:00 INFO  Employees Rest API:38 - Response Body:::::{"empId":25,"empFirstName":"RyanTabj","empLastName":"WellingtonhRzY","salary":34735.0}
2020-01-15 20:00:00 INFO  Employees Rest API:46 - ******Checking Status Code********
2020-01-15 20:00:00 INFO  Employees Rest API:48 - Response Status Code:::::200
2020-01-15 20:01:14 INFO  Employees Rest API:20 - *****createEmployee**********
2020-01-15 20:01:26 INFO  Employees Rest API:36 - ******Checking Response Body********
2020-01-15 20:01:26 INFO  Employees Rest API:38 - Response Body:::::{"empId":26,"empFirstName":"Ryanpapz","empLastName":"WellingtonKsaf","salary":4615.0}
2020-01-15 20:01:26 INFO  Employees Rest API:46 - ******Checking Status Code********
2020-01-15 20:01:26 INFO  Employees Rest API:48 - Response Status Code:::::200
2020-01-15 20:52:16 INFO  Employees Rest API:14 - ********Started getAllEmployees*******
2020-01-15 20:52:23 INFO  Employees Rest API:23 - ******Checking Response Body********
2020-01-15 20:52:23 INFO  Employees Rest API:25 - Response Body:::::[{"empId":1,"empFirstName":"Mike","empLastName":"Hutchinson","salary":3648.52},{"empId":2,"empFirstName":"Robert","empLastName":"Williams","salary":5342.28},{"empId":3,"empFirstName":"Mark","empLastName":"Desrochers","salary":4358.25},{"empId":4,"empFirstName":"Gerald","empLastName":"Peterson","salary":5463.29},{"empId":5,"empFirstName":"Mason","empLastName":"Timberland","salary":5463.76},{"empId":6,"empFirstName":"Camilla","empLastName":"Cabello","salary":15867.3},{"empId":7,"empFirstName":"Jim","empLastName":"Johns","salary":5463.23},{"empId":8,"empFirstName":"Sam","empLastName":"Billings","salary":4892.32},{"empId":9,"empFirstName":"Peter","empLastName":"Wills","salary":5487.21},{"empId":10,"empFirstName":"Rachel","empLastName":"Fowler","salary":4532.89},{"empId":11,"empFirstName":"Rojer","empLastName":"Armstrong","salary":54635.2},{"empId":12,"empFirstName":"Jim","empLastName":"Johnson","salary":4356.32},{"empId":13,"empFirstName":"Nick","empLastName":"Botham","salary":8743.98},{"empId":16,"empFirstName":"Lake","empLastName":"Wills","salary":8964.35},{"empId":17,"empFirstName":"Tim","empLastName":"Sands","salary":10986.5},{"empId":18,"empFirstName":"Duke","empLastName":"Royce","salary":8650.98},{"empId":19,"empFirstName":"David","empLastName":"Fullerton","salary":8582.09},{"empId":20,"empFirstName":"Lake","empLastName":"Wills","salary":8964.35},{"empId":21,"empFirstName":"Tim","empLastName":"Sands","salary":10986.5},{"empId":22,"empFirstName":"Duke","empLastName":"Royce","salary":8650.98},{"empId":23,"empFirstName":"RyanXoZy","empLastName":"WellingtonTMwM","salary":36916.0},{"empId":24,"empFirstName":"RyanxRNy","empLastName":"WellingtonZwNE","salary":93382.0},{"empId":25,"empFirstName":"RyanTabj","empLastName":"WellingtonhRzY","salary":34735.0},{"empId":26,"empFirstName":"Ryanpapz","empLastName":"WellingtonKsaf","salary":4615.0}]
2020-01-15 20:52:23 INFO  Employees Rest API:31 - ******Checking Status Code********
2020-01-15 20:52:23 INFO  Employees Rest API:33 - Response Status Code:::::200
2020-01-15 20:52:23 INFO  Employees Rest API:20 - *****createEmployee**********
2020-01-15 20:52:33 INFO  Employees Rest API:36 - ******Checking Response Body********
2020-01-15 20:52:33 INFO  Employees Rest API:38 - Response Body:::::{"empId":27,"empFirstName":"RyanvjXg","empLastName":"WellingtonOopo","salary":51407.0}
2020-01-15 20:52:33 INFO  Employees Rest API:46 - ******Checking Status Code********
2020-01-15 20:52:33 INFO  Employees Rest API:48 - Response Status Code:::::200
2020-01-15 21:08:26 INFO  Employees Rest API:14 - ********Started getAllEmployees*******
2020-01-15 21:08:33 INFO  Employees Rest API:23 - ******Checking Response Body********
2020-01-15 21:08:33 INFO  Employees Rest API:25 - Response Body:::::[{"empId":1,"empFirstName":"Mike","empLastName":"Hutchinson","salary":3648.52},{"empId":2,"empFirstName":"Robert","empLastName":"Williams","salary":5342.28},{"empId":3,"empFirstName":"Mark","empLastName":"Desrochers","salary":4358.25},{"empId":4,"empFirstName":"Gerald","empLastName":"Peterson","salary":5463.29},{"empId":5,"empFirstName":"Mason","empLastName":"Timberland","salary":5463.76},{"empId":6,"empFirstName":"Camilla","empLastName":"Cabello","salary":15867.3},{"empId":7,"empFirstName":"Jim","empLastName":"Johns","salary":5463.23},{"empId":8,"empFirstName":"Sam","empLastName":"Billings","salary":4892.32},{"empId":9,"empFirstName":"Peter","empLastName":"Wills","salary":5487.21},{"empId":10,"empFirstName":"Rachel","empLastName":"Fowler","salary":4532.89},{"empId":11,"empFirstName":"Rojer","empLastName":"Armstrong","salary":54635.2},{"empId":12,"empFirstName":"Jim","empLastName":"Johnson","salary":4356.32},{"empId":13,"empFirstName":"Nick","empLastName":"Botham","salary":8743.98},{"empId":16,"empFirstName":"Lake","empLastName":"Wills","salary":8964.35},{"empId":17,"empFirstName":"Tim","empLastName":"Sands","salary":10986.5},{"empId":18,"empFirstName":"Duke","empLastName":"Royce","salary":8650.98},{"empId":19,"empFirstName":"David","empLastName":"Fullerton","salary":8582.09},{"empId":20,"empFirstName":"Lake","empLastName":"Wills","salary":8964.35},{"empId":21,"empFirstName":"Tim","empLastName":"Sands","salary":10986.5},{"empId":22,"empFirstName":"Duke","empLastName":"Royce","salary":8650.98},{"empId":23,"empFirstName":"RyanXoZy","empLastName":"WellingtonTMwM","salary":36916.0},{"empId":24,"empFirstName":"RyanxRNy","empLastName":"WellingtonZwNE","salary":93382.0},{"empId":25,"empFirstName":"RyanTabj","empLastName":"WellingtonhRzY","salary":34735.0},{"empId":26,"empFirstName":"Ryanpapz","empLastName":"WellingtonKsaf","salary":4615.0},{"empId":27,"empFirstName":"RyanvjXg","empLastName":"WellingtonOopo","salary":51407.0}]
2020-01-15 21:08:33 INFO  Employees Rest API:31 - ******Checking Status Code********
2020-01-15 21:08:33 INFO  Employees Rest API:33 - Response Status Code:::::200
2020-01-15 21:08:33 INFO  Employees Rest API:20 - *****createEmployee**********
2020-01-15 21:08:43 INFO  Employees Rest API:36 - ******Checking Response Body********
2020-01-15 21:08:43 INFO  Employees Rest API:38 - Response Body:::::{"empId":28,"empFirstName":"RyancmpP","empLastName":"WellingtonHNFh","salary":70139.0}
2020-01-15 21:08:43 INFO  Employees Rest API:46 - ******Checking Status Code********
2020-01-15 21:08:43 INFO  Employees Rest API:48 - Response Status Code:::::200
